#
# A fatal error has been detected by the Java Runtime Environment:
#
#  EXCEPTION_ACCESS_VIOLATION (0xc0000005) at pc=0x00007ff877326e71, pid=11220, tid=9196
#
# JRE version: OpenJDK Runtime Environment Temurin-17.0.6+10 (17.0.6+10) (build 17.0.6+10)
# Java VM: OpenJDK 64-Bit Server VM Temurin-17.0.6+10 (17.0.6+10, mixed mode, tiered, compressed oops, compressed class ptrs, g1 gc, windows-amd64)
# Problematic frame:
# V  [jvm.dll+0x526e71]
#
# No core dump will be written. Minidumps are not enabled by default on client versions of Windows
#
# If you would like to submit a bug report, please visit:
#   https://github.com/adoptium/adoptium-support/issues
#

---------------  S U M M A R Y ------------

Command Line: -XX:+ShowCodeDetailsInExceptionMessages -agentlib:jdwp=transport=dt_socket,suspend=y,address=localhost:50800 -javaagent:C:\Users\Java\eclipse\configuration\org.eclipse.osgi\424\0\.cp\lib\javaagent-shaded.jar -Dfile.encoding=UTF-8 sub3.ForTest

Host: Intel(R) Core(TM) i7-9700 CPU @ 3.00GHz, 8 cores, 15G,  Windows 10 , 64 bit Build 19041 (10.0.19041.2913)
Time: Tue Jun 13 12:07:13 2023  Windows 10 , 64 bit Build 19041 (10.0.19041.2913) elapsed time: 1303.052562 seconds (0d 0h 21m 43s)

---------------  T H R E A D  ---------------

Current thread (0x000002012d42f040):  VMThread "VM Thread" [stack: 0x0000002cf1000000,0x0000002cf1100000] [id=9196]

Stack: [0x0000002cf1000000,0x0000002cf1100000],  sp=0x0000002cf10ff830,  free space=1022k
Native frames: (J=compiled Java code, j=interpreted, Vv=VM code, C=native code)
V  [jvm.dll+0x526e71]
V  [jvm.dll+0x52674d]
V  [jvm.dll+0x83a6eb]
V  [jvm.dll+0x83b424]
V  [jvm.dll+0x83b93c]
V  [jvm.dll+0x83bd14]
V  [jvm.dll+0x83bde0]
V  [jvm.dll+0x7e483a]
V  [jvm.dll+0x6762c5]
C  [ucrtbase.dll+0x21bb2]
C  [KERNEL32.DLL+0x17614]
C  [ntdll.dll+0x526a1]


siginfo: EXCEPTION_ACCESS_VIOLATION (0xc0000005), reading address 0x00000201ca53a460


Register to memory mapping:

RIP=0x00007ff877326e71 jvm.dll
RAX=0x00000201ca53a458 is an unknown value
RBX=0x0000000000000020 is an unknown value
RCX=0x000002012e53a398 is pointing into metadata
RDX=0x0000000000000001 is an unknown value
RSP=0x0000002cf10ff830 points into unknown readable memory: 0x000002012e53b178 | 78 b1 53 2e 01 02 00 00
RBP=0x000002012cb9b8c0 points into unknown readable memory: 0x000002012e53a760 | 60 a7 53 2e 01 02 00 00
RSI={method} {0x000002012e53a4a0} 
[error occurred during error reporting (printing register info), id 0xc0000005, EXCEPTION_ACCESS_VIOLATION (0xc0000005) at pc=0x00007ff87742b0ea]

Registers:
RAX=0x00000201ca53a458, RBX=0x0000000000000020, RCX=0x000002012e53a398, RDX=0x0000000000000001
RSP=0x0000002cf10ff830, RBP=0x000002012cb9b8c0, RSI=0x000002012e53a498, RDI=0x000002012cb9b700
R8 =0x000002012e53a3a8, R9 =0x0000000000000001, R10=0x000002012ca7ffa8, R11=0x0000000000000050
R12=0x0000002cf10ff8e0, R13=0x000002012ca7d6a8, R14=0x000002012cb9bc98, R15=0x0000000800105288
RIP=0x00007ff877326e71, EFLAGS=0x0000000000010246

Top of Stack: (sp=0x0000002cf10ff830)
0x0000002cf10ff830:   000002012e53b178 0000002cf1bff350
0x0000002cf10ff840:   000002012cb9b8c0 0000002cf1bff2f0
0x0000002cf10ff850:   0000000000000000 000002012ca7ffa8
0x0000002cf10ff860:   000002012cb9b700 0000000700000000
0x0000002cf10ff870:   000002012e03c350 000002012cb9bc98
0x0000002cf10ff880:   0000002cf1bff2f0 000002012cb9b8c0
0x0000002cf10ff890:   00000000000003d8 00007ff8779a44e0
0x0000002cf10ff8a0:   00007ff8777129b8 000002012d75bca0
0x0000002cf10ff8b0:   0000002cf1bff350 00007ff87732674d
0x0000002cf10ff8c0:   0000002cf1bff350 0000002cf10ff8e0
0x0000002cf10ff8d0:   000002012d75bca0 0000002cf10ff9d0
0x0000002cf10ff8e0:   00007ff87742bbe0 0000000000000000
0x0000002cf10ff8f0:   000002012cb9b8b0 00007ff87763a6eb
0x0000002cf10ff900:   000002012e03c350 000002012cb9dfc0
0x0000002cf10ff910:   0000000000000000 00007ff800000000
0x0000002cf10ff920:   ffffffffffffffff 00007ff8cc5e7877 

Instructions: (pc=0x00007ff877326e71)
0x00007ff877326d71:   08 48 8b c7 48 89 5f 10 48 8b 5c 24 30 48 89 77
0x00007ff877326d81:   18 48 8b 74 24 38 48 83 c4 20 5f c3 cc cc cc 48
0x00007ff877326d91:   89 54 24 10 48 89 4c 24 08 53 57 41 54 41 55 41
0x00007ff877326da1:   57 48 83 ec 60 48 8b d9 4c 8b e2 48 63 4a 08 48
0x00007ff877326db1:   03 4b 08 8b 53 10 41 ff 14 24 44 8b 05 36 27 68
0x00007ff877326dc1:   00 65 48 8b 04 25 58 00 00 00 41 bb 50 00 00 00
0x00007ff877326dd1:   4a 8b 3c c0 48 89 7c 24 30 41 80 3c 3b 00 75 0b
0x00007ff877326de1:   e8 9a 84 36 00 41 bb 50 00 00 00 48 8b 43 08 48
0x00007ff877326df1:   8b 48 08 48 8b 51 08 0f b7 41 22 4c 8b 6c c2 48
0x00007ff877326e01:   0f b7 41 24 4c 8b 54 c2 48 48 8b 42 18 4c 89 54
0x00007ff877326e11:   24 28 4c 8b b8 78 01 00 00 4d 85 ff 0f 84 bb 01
0x00007ff877326e21:   00 00 48 89 74 24 50 48 89 6c 24 58 4c 89 74 24
0x00007ff877326e31:   48 bb 20 00 00 00 66 0f 1f 84 00 00 00 00 00 49
0x00007ff877326e41:   8b 8f 90 01 00 00 8b 01 83 e8 01 48 63 d0 0f 88
0x00007ff877326e51:   64 01 00 00 4c 8d 42 01 4e 8d 04 c1 0f 1f 00 49
0x00007ff877326e61:   8b 30 8b 46 28 c1 e8 11 a8 01 75 1e 48 8b 46 08
0x00007ff877326e71:   4c 8b 48 08 0f b7 48 22 4d 39 6c c9 48 75 0b 0f
0x00007ff877326e81:   b7 48 24 4d 39 54 c9 48 74 0f 49 83 e8 08 48 83
0x00007ff877326e91:   ea 01 79 cb e9 1f 01 00 00 41 80 3c 3b 00 75 05
0x00007ff877326ea1:   e8 da 83 36 00 48 83 3d 5a 80 64 00 00 8b c3 48
0x00007ff877326eb1:   8b 0c 38 48 8b a9 30 02 00 00 48 8b 5d 18 48 8b
0x00007ff877326ec1:   7d 20 48 8b 45 28 4c 8b 75 10 48 89 9c 24 a0 00
0x00007ff877326ed1:   00 00 48 89 bc 24 a8 00 00 00 48 89 44 24 20 0f
0x00007ff877326ee1:   84 86 00 00 00 49 8b 04 24 48 8d 0d ef 4c 10 00
0x00007ff877326ef1:   48 3b c1 75 16 48 85 c0 74 08 41 83 7c 24 08 00
0x00007ff877326f01:   75 09 4c 8d 25 fe 36 46 00 eb 07 4c 8d 25 fd 36
0x00007ff877326f11:   46 00 4c 8b 46 08 4d 8b 48 08 41 0f b7 40 24 49
0x00007ff877326f21:   8b 4c c1 48 41 0f b7 40 22 49 8b 5c c1 48 e8 dc
0x00007ff877326f31:   af 27 00 48 8b cb 48 8b f8 e8 d1 af 27 00 4c 8b
0x00007ff877326f41:   c0 48 8d 0d cf 36 46 00 4c 8b cf 49 8b d4 e8 1c
0x00007ff877326f51:   ec ff ff 48 8b 9c 24 a0 00 00 00 48 8b bc 24 a8
0x00007ff877326f61:   00 00 00 4c 8b a4 24 98 00 00 00 48 8b 84 24 90 


Stack slot to memory mapping:
stack at sp + 0 slots: {method} {0x000002012e53b180} 'main' '([Ljava/lang/String;)V' in 'sub3/ForTest'
stack at sp + 1 slots: 0x0000002cf1bff350 is pointing into the stack for thread: 0x000002012d74ff60
stack at sp + 2 slots: 0x000002012cb9b8c0 points into unknown readable memory: 0x000002012e53a760 | 60 a7 53 2e 01 02 00 00
stack at sp + 3 slots: 0x0000002cf1bff2f0 is pointing into the stack for thread: 0x000002012d74ff60
stack at sp + 4 slots: 0x0 is NULL
stack at sp + 5 slots: 0x000002012ca7ffa8 points into unknown readable memory: 0x5b280016928affff | ff ff 8a 92 16 00 28 5b
stack at sp + 6 slots: 0x000002012cb9b700 points into unknown readable memory: 0x0000000000000000 | 00 00 00 00 00 00 00 00
stack at sp + 7 slots: 0x0000000700000000 is an unknown value

VM_Operation (0x0000002cf1bff2f0): ChangeBreakpoints, mode: safepoint, requested by thread 0x000002012d74ff60


---------------  P R O C E S S  ---------------

Threads class SMR info:
_java_thread_list=0x000002012dcb6c50, length=15, elements={
0x000002010dfba090, 0x000002012d430b00, 0x000002012d431970, 0x000002012d484d20,
0x000002012d4a7400, 0x000002012d4a7cc0, 0x000002012d4a8580, 0x000002012d4ac760,
0x000002012d4b8180, 0x000002012d4b8b70, 0x000002012cb58f20, 0x000002012d74ff60,
0x000002012dbf4d70, 0x000002012dbf5260, 0x000002012dccb010
}

Java Threads: ( => current thread )
  0x000002010dfba090 JavaThread "main" [_thread_blocked, id=11744, stack(0x0000002cf0a00000,0x0000002cf0b00000)]
  0x000002012d430b00 JavaThread "Reference Handler" daemon [_thread_blocked, id=8160, stack(0x0000002cf1100000,0x0000002cf1200000)]
  0x000002012d431970 JavaThread "Finalizer" daemon [_thread_blocked, id=10272, stack(0x0000002cf1200000,0x0000002cf1300000)]
  0x000002012d484d20 JavaThread "Signal Dispatcher" daemon [_thread_blocked, id=11548, stack(0x0000002cf1300000,0x0000002cf1400000)]
  0x000002012d4a7400 JavaThread "Attach Listener" daemon [_thread_blocked, id=12808, stack(0x0000002cf1400000,0x0000002cf1500000)]
  0x000002012d4a7cc0 JavaThread "Service Thread" daemon [_thread_blocked, id=4768, stack(0x0000002cf1500000,0x0000002cf1600000)]
  0x000002012d4a8580 JavaThread "Monitor Deflation Thread" daemon [_thread_blocked, id=7144, stack(0x0000002cf1600000,0x0000002cf1700000)]
  0x000002012d4ac760 JavaThread "C2 CompilerThread0" daemon [_thread_blocked, id=9480, stack(0x0000002cf1700000,0x0000002cf1800000)]
  0x000002012d4b8180 JavaThread "C1 CompilerThread0" daemon [_thread_blocked, id=7796, stack(0x0000002cf1800000,0x0000002cf1900000)]
  0x000002012d4b8b70 JavaThread "Sweeper thread" daemon [_thread_blocked, id=11540, stack(0x0000002cf1900000,0x0000002cf1a00000)]
  0x000002012cb58f20 JavaThread "Common-Cleaner" daemon [_thread_blocked, id=6796, stack(0x0000002cf1a00000,0x0000002cf1b00000)]
  0x000002012d74ff60 JavaThread "JDWP Transport Listener: dt_socket" daemon [_thread_blocked, id=9416, stack(0x0000002cf1b00000,0x0000002cf1c00000)]
  0x000002012dbf4d70 JavaThread "JDWP Event Helper Thread" daemon [_thread_blocked, id=9620, stack(0x0000002cf1c00000,0x0000002cf1d00000)]
  0x000002012dbf5260 JavaThread "JDWP Command Reader" daemon [_thread_in_native, id=3680, stack(0x0000002cf1d00000,0x0000002cf1e00000)]
  0x000002012dccb010 JavaThread "Notification Thread" daemon [_thread_blocked, id=13016, stack(0x0000002cf1e00000,0x0000002cf1f00000)]

Other Threads:
=>0x000002012d42f040 VMThread "VM Thread" [stack: 0x0000002cf1000000,0x0000002cf1100000] [id=9196]
  0x000002010e03c840 WatcherThread [stack: 0x0000002cf1f00000,0x0000002cf2000000] [id=3952]
  0x000002010e024270 GCTaskThread "GC Thread#0" [stack: 0x0000002cf0b00000,0x0000002cf0c00000] [id=5676]
  0x000002010e036820 ConcurrentGCThread "G1 Main Marker" [stack: 0x0000002cf0c00000,0x0000002cf0d00000] [id=10316]
  0x000002010e037230 ConcurrentGCThread "G1 Conc#0" [stack: 0x0000002cf0d00000,0x0000002cf0e00000] [id=6380]
  0x000002012ca224d0 ConcurrentGCThread "G1 Refine#0" [stack: 0x0000002cf0e00000,0x0000002cf0f00000] [id=2328]
  0x000002012ca22ef0 ConcurrentGCThread "G1 Service" [stack: 0x0000002cf0f00000,0x0000002cf1000000] [id=10668]

Threads with active compile tasks:

VM state: at safepoint (normal execution)

VM Mutex/Monitor currently owned by a thread:  ([mutex/lock_event])
[0x000002010dfb3650] Threads_lock - owner thread: 0x000002012d42f040

Heap address: 0x0000000701400000, size: 4076 MB, Compressed Oops mode: Zero based, Oop shift amount: 3

CDS archive(s) not mapped
Compressed class space mapped at: 0x0000000800000000-0x0000000840000000, reserved size: 1073741824
Narrow klass base: 0x0000000800000000, Narrow klass shift: 0, Narrow klass range: 0x40000000

GC Precious Log:
 CPUs: 8 total, 8 available
 Memory: 16301M
 Large Page Support: Disabled
 NUMA Support: Disabled
 Compressed Oops: Enabled (Zero based)
 Heap Region Size: 2M
 Heap Min Capacity: 8M
 Heap Initial Capacity: 256M
 Heap Max Capacity: 4076M
 Pre-touch: Disabled
 Parallel Workers: 8
 Concurrent Workers: 2
 Concurrent Refinement Workers: 8
 Periodic GC: Disabled

Heap:
 garbage-first heap   total 262144K, used 4096K [0x0000000701400000, 0x0000000800000000)
  region size 2048K, 3 young (6144K), 0 survivors (0K)
 Metaspace       used 9828K, committed 9920K, reserved 1064960K
  class space    used 844K, committed 896K, reserved 1048576K

Heap Regions: E=young(eden), S=young(survivor), O=old, HS=humongous(starts), HC=humongous(continues), CS=collection set, F=free, OA=open archive, CA=closed archive, TAMS=top-at-mark-start (previous, next)
|   0|0x0000000701400000, 0x0000000701400000, 0x0000000701600000|  0%| F|  |TAMS 0x0000000701400000, 0x0000000701400000| Untracked 
|   1|0x0000000701600000, 0x0000000701600000, 0x0000000701800000|  0%| F|  |TAMS 0x0000000701600000, 0x0000000701600000| Untracked 
|   2|0x0000000701800000, 0x0000000701800000, 0x0000000701a00000|  0%| F|  |TAMS 0x0000000701800000, 0x0000000701800000| Untracked 
|   3|0x0000000701a00000, 0x0000000701a00000, 0x0000000701c00000|  0%| F|  |TAMS 0x0000000701a00000, 0x0000000701a00000| Untracked 
|   4|0x0000000701c00000, 0x0000000701c00000, 0x0000000701e00000|  0%| F|  |TAMS 0x0000000701c00000, 0x0000000701c00000| Untracked 
|   5|0x0000000701e00000, 0x0000000701e00000, 0x0000000702000000|  0%| F|  |TAMS 0x0000000701e00000, 0x0000000701e00000| Untracked 
|   6|0x0000000702000000, 0x0000000702000000, 0x0000000702200000|  0%| F|  |TAMS 0x0000000702000000, 0x0000000702000000| Untracked 
|   7|0x0000000702200000, 0x0000000702200000, 0x0000000702400000|  0%| F|  |TAMS 0x0000000702200000, 0x0000000702200000| Untracked 
|   8|0x0000000702400000, 0x0000000702400000, 0x0000000702600000|  0%| F|  |TAMS 0x0000000702400000, 0x0000000702400000| Untracked 
|   9|0x0000000702600000, 0x0000000702600000, 0x0000000702800000|  0%| F|  |TAMS 0x0000000702600000, 0x0000000702600000| Untracked 
|  10|0x0000000702800000, 0x0000000702800000, 0x0000000702a00000|  0%| F|  |TAMS 0x0000000702800000, 0x0000000702800000| Untracked 
|  11|0x0000000702a00000, 0x0000000702a00000, 0x0000000702c00000|  0%| F|  |TAMS 0x0000000702a00000, 0x0000000702a00000| Untracked 
|  12|0x0000000702c00000, 0x0000000702c00000, 0x0000000702e00000|  0%| F|  |TAMS 0x0000000702c00000, 0x0000000702c00000| Untracked 
|  13|0x0000000702e00000, 0x0000000702e00000, 0x0000000703000000|  0%| F|  |TAMS 0x0000000702e00000, 0x0000000702e00000| Untracked 
|  14|0x0000000703000000, 0x0000000703000000, 0x0000000703200000|  0%| F|  |TAMS 0x0000000703000000, 0x0000000703000000| Untracked 
|  15|0x0000000703200000, 0x0000000703200000, 0x0000000703400000|  0%| F|  |TAMS 0x0000000703200000, 0x0000000703200000| Untracked 
|  16|0x0000000703400000, 0x0000000703400000, 0x0000000703600000|  0%| F|  |TAMS 0x0000000703400000, 0x0000000703400000| Untracked 
|  17|0x0000000703600000, 0x0000000703600000, 0x0000000703800000|  0%| F|  |TAMS 0x0000000703600000, 0x0000000703600000| Untracked 
|  18|0x0000000703800000, 0x0000000703800000, 0x0000000703a00000|  0%| F|  |TAMS 0x0000000703800000, 0x0000000703800000| Untracked 
|  19|0x0000000703a00000, 0x0000000703a00000, 0x0000000703c00000|  0%| F|  |TAMS 0x0000000703a00000, 0x0000000703a00000| Untracked 
|  20|0x0000000703c00000, 0x0000000703c00000, 0x0000000703e00000|  0%| F|  |TAMS 0x0000000703c00000, 0x0000000703c00000| Untracked 
|  21|0x0000000703e00000, 0x0000000703e00000, 0x0000000704000000|  0%| F|  |TAMS 0x0000000703e00000, 0x0000000703e00000| Untracked 
|  22|0x0000000704000000, 0x0000000704000000, 0x0000000704200000|  0%| F|  |TAMS 0x0000000704000000, 0x0000000704000000| Untracked 
|  23|0x0000000704200000, 0x0000000704200000, 0x0000000704400000|  0%| F|  |TAMS 0x0000000704200000, 0x0000000704200000| Untracked 
|  24|0x0000000704400000, 0x0000000704400000, 0x0000000704600000|  0%| F|  |TAMS 0x0000000704400000, 0x0000000704400000| Untracked 
|  25|0x0000000704600000, 0x0000000704600000, 0x0000000704800000|  0%| F|  |TAMS 0x0000000704600000, 0x0000000704600000| Untracked 
|  26|0x0000000704800000, 0x0000000704800000, 0x0000000704a00000|  0%| F|  |TAMS 0x0000000704800000, 0x0000000704800000| Untracked 
|  27|0x0000000704a00000, 0x0000000704a00000, 0x0000000704c00000|  0%| F|  |TAMS 0x0000000704a00000, 0x0000000704a00000| Untracked 
|  28|0x0000000704c00000, 0x0000000704c00000, 0x0000000704e00000|  0%| F|  |TAMS 0x0000000704c00000, 0x0000000704c00000| Untracked 
|  29|0x0000000704e00000, 0x0000000704e00000, 0x0000000705000000|  0%| F|  |TAMS 0x0000000704e00000, 0x0000000704e00000| Untracked 
|  30|0x0000000705000000, 0x0000000705000000, 0x0000000705200000|  0%| F|  |TAMS 0x0000000705000000, 0x0000000705000000| Untracked 
|  31|0x0000000705200000, 0x0000000705200000, 0x0000000705400000|  0%| F|  |TAMS 0x0000000705200000, 0x0000000705200000| Untracked 
|  32|0x0000000705400000, 0x0000000705400000, 0x0000000705600000|  0%| F|  |TAMS 0x0000000705400000, 0x0000000705400000| Untracked 
|  33|0x0000000705600000, 0x0000000705600000, 0x0000000705800000|  0%| F|  |TAMS 0x0000000705600000, 0x0000000705600000| Untracked 
|  34|0x0000000705800000, 0x0000000705800000, 0x0000000705a00000|  0%| F|  |TAMS 0x0000000705800000, 0x0000000705800000| Untracked 
|  35|0x0000000705a00000, 0x0000000705a00000, 0x0000000705c00000|  0%| F|  |TAMS 0x0000000705a00000, 0x0000000705a00000| Untracked 
|  36|0x0000000705c00000, 0x0000000705c00000, 0x0000000705e00000|  0%| F|  |TAMS 0x0000000705c00000, 0x0000000705c00000| Untracked 
|  37|0x0000000705e00000, 0x0000000705e00000, 0x0000000706000000|  0%| F|  |TAMS 0x0000000705e00000, 0x0000000705e00000| Untracked 
|  38|0x0000000706000000, 0x0000000706000000, 0x0000000706200000|  0%| F|  |TAMS 0x0000000706000000, 0x0000000706000000| Untracked 
|  39|0x0000000706200000, 0x0000000706200000, 0x0000000706400000|  0%| F|  |TAMS 0x0000000706200000, 0x0000000706200000| Untracked 
|  40|0x0000000706400000, 0x0000000706400000, 0x0000000706600000|  0%| F|  |TAMS 0x0000000706400000, 0x0000000706400000| Untracked 
|  41|0x0000000706600000, 0x0000000706600000, 0x0000000706800000|  0%| F|  |TAMS 0x0000000706600000, 0x0000000706600000| Untracked 
|  42|0x0000000706800000, 0x0000000706800000, 0x0000000706a00000|  0%| F|  |TAMS 0x0000000706800000, 0x0000000706800000| Untracked 
|  43|0x0000000706a00000, 0x0000000706a00000, 0x0000000706c00000|  0%| F|  |TAMS 0x0000000706a00000, 0x0000000706a00000| Untracked 
|  44|0x0000000706c00000, 0x0000000706c00000, 0x0000000706e00000|  0%| F|  |TAMS 0x0000000706c00000, 0x0000000706c00000| Untracked 
|  45|0x0000000706e00000, 0x0000000706e00000, 0x0000000707000000|  0%| F|  |TAMS 0x0000000706e00000, 0x0000000706e00000| Untracked 
|  46|0x0000000707000000, 0x0000000707000000, 0x0000000707200000|  0%| F|  |TAMS 0x0000000707000000, 0x0000000707000000| Untracked 
|  47|0x0000000707200000, 0x0000000707200000, 0x0000000707400000|  0%| F|  |TAMS 0x0000000707200000, 0x0000000707200000| Untracked 
|  48|0x0000000707400000, 0x0000000707400000, 0x0000000707600000|  0%| F|  |TAMS 0x0000000707400000, 0x0000000707400000| Untracked 
|  49|0x0000000707600000, 0x0000000707600000, 0x0000000707800000|  0%| F|  |TAMS 0x0000000707600000, 0x0000000707600000| Untracked 
|  50|0x0000000707800000, 0x0000000707800000, 0x0000000707a00000|  0%| F|  |TAMS 0x0000000707800000, 0x0000000707800000| Untracked 
|  51|0x0000000707a00000, 0x0000000707a00000, 0x0000000707c00000|  0%| F|  |TAMS 0x0000000707a00000, 0x0000000707a00000| Untracked 
|  52|0x0000000707c00000, 0x0000000707c00000, 0x0000000707e00000|  0%| F|  |TAMS 0x0000000707c00000, 0x0000000707c00000| Untracked 
|  53|0x0000000707e00000, 0x0000000707e00000, 0x0000000708000000|  0%| F|  |TAMS 0x0000000707e00000, 0x0000000707e00000| Untracked 
|  54|0x0000000708000000, 0x0000000708000000, 0x0000000708200000|  0%| F|  |TAMS 0x0000000708000000, 0x0000000708000000| Untracked 
|  55|0x0000000708200000, 0x0000000708200000, 0x0000000708400000|  0%| F|  |TAMS 0x0000000708200000, 0x0000000708200000| Untracked 
|  56|0x0000000708400000, 0x0000000708400000, 0x0000000708600000|  0%| F|  |TAMS 0x0000000708400000, 0x0000000708400000| Untracked 
|  57|0x0000000708600000, 0x0000000708600000, 0x0000000708800000|  0%| F|  |TAMS 0x0000000708600000, 0x0000000708600000| Untracked 
|  58|0x0000000708800000, 0x0000000708800000, 0x0000000708a00000|  0%| F|  |TAMS 0x0000000708800000, 0x0000000708800000| Untracked 
|  59|0x0000000708a00000, 0x0000000708a00000, 0x0000000708c00000|  0%| F|  |TAMS 0x0000000708a00000, 0x0000000708a00000| Untracked 
|  60|0x0000000708c00000, 0x0000000708c00000, 0x0000000708e00000|  0%| F|  |TAMS 0x0000000708c00000, 0x0000000708c00000| Untracked 
|  61|0x0000000708e00000, 0x0000000708e00000, 0x0000000709000000|  0%| F|  |TAMS 0x0000000708e00000, 0x0000000708e00000| Untracked 
|  62|0x0000000709000000, 0x0000000709000000, 0x0000000709200000|  0%| F|  |TAMS 0x0000000709000000, 0x0000000709000000| Untracked 
|  63|0x0000000709200000, 0x0000000709200000, 0x0000000709400000|  0%| F|  |TAMS 0x0000000709200000, 0x0000000709200000| Untracked 
|  64|0x0000000709400000, 0x0000000709400000, 0x0000000709600000|  0%| F|  |TAMS 0x0000000709400000, 0x0000000709400000| Untracked 
|  65|0x0000000709600000, 0x0000000709600000, 0x0000000709800000|  0%| F|  |TAMS 0x0000000709600000, 0x0000000709600000| Untracked 
|  66|0x0000000709800000, 0x0000000709800000, 0x0000000709a00000|  0%| F|  |TAMS 0x0000000709800000, 0x0000000709800000| Untracked 
|  67|0x0000000709a00000, 0x0000000709a00000, 0x0000000709c00000|  0%| F|  |TAMS 0x0000000709a00000, 0x0000000709a00000| Untracked 
|  68|0x0000000709c00000, 0x0000000709c00000, 0x0000000709e00000|  0%| F|  |TAMS 0x0000000709c00000, 0x0000000709c00000| Untracked 
|  69|0x0000000709e00000, 0x0000000709e00000, 0x000000070a000000|  0%| F|  |TAMS 0x0000000709e00000, 0x0000000709e00000| Untracked 
|  70|0x000000070a000000, 0x000000070a000000, 0x000000070a200000|  0%| F|  |TAMS 0x000000070a000000, 0x000000070a000000| Untracked 
|  71|0x000000070a200000, 0x000000070a200000, 0x000000070a400000|  0%| F|  |TAMS 0x000000070a200000, 0x000000070a200000| Untracked 
|  72|0x000000070a400000, 0x000000070a400000, 0x000000070a600000|  0%| F|  |TAMS 0x000000070a400000, 0x000000070a400000| Untracked 
|  73|0x000000070a600000, 0x000000070a600000, 0x000000070a800000|  0%| F|  |TAMS 0x000000070a600000, 0x000000070a600000| Untracked 
|  74|0x000000070a800000, 0x000000070a800000, 0x000000070aa00000|  0%| F|  |TAMS 0x000000070a800000, 0x000000070a800000| Untracked 
|  75|0x000000070aa00000, 0x000000070aa00000, 0x000000070ac00000|  0%| F|  |TAMS 0x000000070aa00000, 0x000000070aa00000| Untracked 
|  76|0x000000070ac00000, 0x000000070ac00000, 0x000000070ae00000|  0%| F|  |TAMS 0x000000070ac00000, 0x000000070ac00000| Untracked 
|  77|0x000000070ae00000, 0x000000070ae00000, 0x000000070b000000|  0%| F|  |TAMS 0x000000070ae00000, 0x000000070ae00000| Untracked 
|  78|0x000000070b000000, 0x000000070b000000, 0x000000070b200000|  0%| F|  |TAMS 0x000000070b000000, 0x000000070b000000| Untracked 
|  79|0x000000070b200000, 0x000000070b200000, 0x000000070b400000|  0%| F|  |TAMS 0x000000070b200000, 0x000000070b200000| Untracked 
|  80|0x000000070b400000, 0x000000070b400000, 0x000000070b600000|  0%| F|  |TAMS 0x000000070b400000, 0x000000070b400000| Untracked 
|  81|0x000000070b600000, 0x000000070b600000, 0x000000070b800000|  0%| F|  |TAMS 0x000000070b600000, 0x000000070b600000| Untracked 
|  82|0x000000070b800000, 0x000000070b800000, 0x000000070ba00000|  0%| F|  |TAMS 0x000000070b800000, 0x000000070b800000| Untracked 
|  83|0x000000070ba00000, 0x000000070ba00000, 0x000000070bc00000|  0%| F|  |TAMS 0x000000070ba00000, 0x000000070ba00000| Untracked 
|  84|0x000000070bc00000, 0x000000070bc00000, 0x000000070be00000|  0%| F|  |TAMS 0x000000070bc00000, 0x000000070bc00000| Untracked 
|  85|0x000000070be00000, 0x000000070be00000, 0x000000070c000000|  0%| F|  |TAMS 0x000000070be00000, 0x000000070be00000| Untracked 
|  86|0x000000070c000000, 0x000000070c000000, 0x000000070c200000|  0%| F|  |TAMS 0x000000070c000000, 0x000000070c000000| Untracked 
|  87|0x000000070c200000, 0x000000070c200000, 0x000000070c400000|  0%| F|  |TAMS 0x000000070c200000, 0x000000070c200000| Untracked 
|  88|0x000000070c400000, 0x000000070c400000, 0x000000070c600000|  0%| F|  |TAMS 0x000000070c400000, 0x000000070c400000| Untracked 
|  89|0x000000070c600000, 0x000000070c600000, 0x000000070c800000|  0%| F|  |TAMS 0x000000070c600000, 0x000000070c600000| Untracked 
|  90|0x000000070c800000, 0x000000070c800000, 0x000000070ca00000|  0%| F|  |TAMS 0x000000070c800000, 0x000000070c800000| Untracked 
|  91|0x000000070ca00000, 0x000000070ca00000, 0x000000070cc00000|  0%| F|  |TAMS 0x000000070ca00000, 0x000000070ca00000| Untracked 
|  92|0x000000070cc00000, 0x000000070cc00000, 0x000000070ce00000|  0%| F|  |TAMS 0x000000070cc00000, 0x000000070cc00000| Untracked 
|  93|0x000000070ce00000, 0x000000070ce00000, 0x000000070d000000|  0%| F|  |TAMS 0x000000070ce00000, 0x000000070ce00000| Untracked 
|  94|0x000000070d000000, 0x000000070d000000, 0x000000070d200000|  0%| F|  |TAMS 0x000000070d000000, 0x000000070d000000| Untracked 
|  95|0x000000070d200000, 0x000000070d200000, 0x000000070d400000|  0%| F|  |TAMS 0x000000070d200000, 0x000000070d200000| Untracked 
|  96|0x000000070d400000, 0x000000070d400000, 0x000000070d600000|  0%| F|  |TAMS 0x000000070d400000, 0x000000070d400000| Untracked 
|  97|0x000000070d600000, 0x000000070d600000, 0x000000070d800000|  0%| F|  |TAMS 0x000000070d600000, 0x000000070d600000| Untracked 
|  98|0x000000070d800000, 0x000000070d800000, 0x000000070da00000|  0%| F|  |TAMS 0x000000070d800000, 0x000000070d800000| Untracked 
|  99|0x000000070da00000, 0x000000070da00000, 0x000000070dc00000|  0%| F|  |TAMS 0x000000070da00000, 0x000000070da00000| Untracked 
| 100|0x000000070dc00000, 0x000000070dc00000, 0x000000070de00000|  0%| F|  |TAMS 0x000000070dc00000, 0x000000070dc00000| Untracked 
| 101|0x000000070de00000, 0x000000070de00000, 0x000000070e000000|  0%| F|  |TAMS 0x000000070de00000, 0x000000070de00000| Untracked 
| 102|0x000000070e000000, 0x000000070e000000, 0x000000070e200000|  0%| F|  |TAMS 0x000000070e000000, 0x000000070e000000| Untracked 
| 103|0x000000070e200000, 0x000000070e200000, 0x000000070e400000|  0%| F|  |TAMS 0x000000070e200000, 0x000000070e200000| Untracked 
| 104|0x000000070e400000, 0x000000070e400000, 0x000000070e600000|  0%| F|  |TAMS 0x000000070e400000, 0x000000070e400000| Untracked 
| 105|0x000000070e600000, 0x000000070e600000, 0x000000070e800000|  0%| F|  |TAMS 0x000000070e600000, 0x000000070e600000| Untracked 
| 106|0x000000070e800000, 0x000000070e800000, 0x000000070ea00000|  0%| F|  |TAMS 0x000000070e800000, 0x000000070e800000| Untracked 
| 107|0x000000070ea00000, 0x000000070ea00000, 0x000000070ec00000|  0%| F|  |TAMS 0x000000070ea00000, 0x000000070ea00000| Untracked 
| 108|0x000000070ec00000, 0x000000070ec00000, 0x000000070ee00000|  0%| F|  |TAMS 0x000000070ec00000, 0x000000070ec00000| Untracked 
| 109|0x000000070ee00000, 0x000000070ee00000, 0x000000070f000000|  0%| F|  |TAMS 0x000000070ee00000, 0x000000070ee00000| Untracked 
| 110|0x000000070f000000, 0x000000070f000000, 0x000000070f200000|  0%| F|  |TAMS 0x000000070f000000, 0x000000070f000000| Untracked 
| 111|0x000000070f200000, 0x000000070f200000, 0x000000070f400000|  0%| F|  |TAMS 0x000000070f200000, 0x000000070f200000| Untracked 
| 112|0x000000070f400000, 0x000000070f400000, 0x000000070f600000|  0%| F|  |TAMS 0x000000070f400000, 0x000000070f400000| Untracked 
| 113|0x000000070f600000, 0x000000070f600000, 0x000000070f800000|  0%| F|  |TAMS 0x000000070f600000, 0x000000070f600000| Untracked 
| 114|0x000000070f800000, 0x000000070f800000, 0x000000070fa00000|  0%| F|  |TAMS 0x000000070f800000, 0x000000070f800000| Untracked 
| 115|0x000000070fa00000, 0x000000070fa00000, 0x000000070fc00000|  0%| F|  |TAMS 0x000000070fa00000, 0x000000070fa00000| Untracked 
| 116|0x000000070fc00000, 0x000000070fc00000, 0x000000070fe00000|  0%| F|  |TAMS 0x000000070fc00000, 0x000000070fc00000| Untracked 
| 117|0x000000070fe00000, 0x000000070fe00000, 0x0000000710000000|  0%| F|  |TAMS 0x000000070fe00000, 0x000000070fe00000| Untracked 
| 118|0x0000000710000000, 0x0000000710000000, 0x0000000710200000|  0%| F|  |TAMS 0x0000000710000000, 0x0000000710000000| Untracked 
| 119|0x0000000710200000, 0x0000000710200000, 0x0000000710400000|  0%| F|  |TAMS 0x0000000710200000, 0x0000000710200000| Untracked 
| 120|0x0000000710400000, 0x0000000710400000, 0x0000000710600000|  0%| F|  |TAMS 0x0000000710400000, 0x0000000710400000| Untracked 
| 121|0x0000000710600000, 0x0000000710600000, 0x0000000710800000|  0%| F|  |TAMS 0x0000000710600000, 0x0000000710600000| Untracked 
| 122|0x0000000710800000, 0x0000000710800000, 0x0000000710a00000|  0%| F|  |TAMS 0x0000000710800000, 0x0000000710800000| Untracked 
| 123|0x0000000710a00000, 0x0000000710a00000, 0x0000000710c00000|  0%| F|  |TAMS 0x0000000710a00000, 0x0000000710a00000| Untracked 
| 124|0x0000000710c00000, 0x0000000710c00000, 0x0000000710e00000|  0%| F|  |TAMS 0x0000000710c00000, 0x0000000710c00000| Untracked 
| 125|0x0000000710e00000, 0x0000000710ff9d98, 0x0000000711000000| 98%| E|  |TAMS 0x0000000710e00000, 0x0000000710e00000| Complete 
| 126|0x0000000711000000, 0x0000000711200000, 0x0000000711200000|100%| E|CS|TAMS 0x0000000711000000, 0x0000000711000000| Complete 
| 127|0x0000000711200000, 0x0000000711400000, 0x0000000711400000|100%| E|CS|TAMS 0x0000000711200000, 0x0000000711200000| Complete 

Card table byte_map: [0x00000201211b0000,0x00000201219b0000] _byte_map_base: 0x000002011d9a6000

Marking Bits (Prev, Next): (CMBitMap*) 0x000002010e024880, (CMBitMap*) 0x000002010e0248c0
 Prev Bits: [0x00000201221b0000, 0x0000020126160000)
 Next Bits: [0x0000020126160000, 0x000002012a110000)

Polling page: 0x000002010bf80000

Metaspace:

Usage:
  Non-class:      8.77 MB used.
      Class:    844.10 KB used.
       Both:      9.60 MB used.

Virtual space:
  Non-class space:       16.00 MB reserved,       8.81 MB ( 55%) committed,  2 nodes.
      Class space:        1.00 GB reserved,     896.00 KB ( <1%) committed,  1 nodes.
             Both:        1.02 GB reserved,       9.69 MB ( <1%) committed. 

Chunk freelists:
   Non-Class:  2.77 MB
       Class:  2.97 MB
        Both:  5.74 MB

MaxMetaspaceSize: unlimited
CompressedClassSpaceSize: 1.00 GB
Initial GC threshold: 21.00 MB
Current GC threshold: 21.00 MB
CDS: off
MetaspaceReclaimPolicy: balanced
 - commit_granule_bytes: 65536.
 - commit_granule_words: 8192.
 - virtual_space_node_default_size: 1048576.
 - enlarge_chunks_in_place: 1.
 - new_chunks_are_fully_committed: 0.
 - uncommit_free_chunks: 1.
 - use_allocation_guard: 0.
 - handle_deallocations: 1.


Internal statistics:

num_allocs_failed_limit: 0.
num_arena_births: 8.
num_arena_deaths: 0.
num_vsnodes_births: 3.
num_vsnodes_deaths: 0.
num_space_committed: 155.
num_space_uncommitted: 0.
num_chunks_returned_to_freelist: 0.
num_chunks_taken_from_freelist: 46.
num_chunk_merges: 0.
num_chunk_splits: 21.
num_chunks_enlarged: 15.
num_purges: 0.
num_inconsistent_stats: 0.

CodeHeap 'non-profiled nmethods': size=120000Kb used=132Kb max_used=132Kb free=119867Kb
 bounds [0x0000020119150000, 0x00000201193c0000, 0x0000020120680000]
CodeHeap 'profiled nmethods': size=120000Kb used=610Kb max_used=610Kb free=119389Kb
 bounds [0x0000020111680000, 0x00000201118f0000, 0x0000020118bb0000]
CodeHeap 'non-nmethods': size=5760Kb used=1209Kb max_used=1226Kb free=4550Kb
 bounds [0x0000020118bb0000, 0x0000020118e20000, 0x0000020119150000]
 total_blobs=839 nmethods=411 adapters=341
 compilation: enabled
              stopped_count=0, restarted_count=0
 full_count=0

Compilation events (20 events):
Event: 0.214 Thread 0x000002012d4b8180 nmethod 403 0x0000020111713e10 code [0x0000020111713fc0, 0x0000020111714208]
Event: 0.215 Thread 0x000002012d4b8180  404       3       java.lang.StringConcatHelper::mix (27 bytes)
Event: 0.215 Thread 0x000002012d4b8180 nmethod 404 0x0000020111714310 code [0x00000201117144e0, 0x0000020111714908]
Event: 0.215 Thread 0x000002012d4b8180  405       3       sun.security.x509.X509CertImpl::getEncodedInternal (20 bytes)
Event: 0.215 Thread 0x000002012d4b8180 nmethod 405 0x0000020111714b10 code [0x0000020111714d40, 0x0000020111715548]
Event: 0.215 Thread 0x000002012d4b8180  406   !   3       java.security.cert.Certificate::equals (38 bytes)
Event: 0.215 Thread 0x000002012d4b8180 nmethod 406 0x0000020111715790 code [0x0000020111715aa0, 0x0000020111716e08]
Event: 0.215 Thread 0x000002012d4b8180  407       1       java.util.zip.ZipCoder$UTF8ZipCoder::isUTF8 (2 bytes)
Event: 0.215 Thread 0x000002012d4b8180 nmethod 407 0x000002011916e990 code [0x000002011916eb20, 0x000002011916ebf8]
Event: 0.216 Thread 0x000002012d4ac760 nmethod 391% 0x000002011916ec90 code [0x000002011916ee20, 0x000002011916f958]
Event: 0.216 Thread 0x000002012d4ac760  380       4       java.lang.invoke.VarHandleByteArrayAsInts$ArrayHandle::get (36 bytes)
Event: 0.216 Thread 0x000002012d4b8180  408       3       java.util.ArrayList::grow (60 bytes)
Event: 0.216 Thread 0x000002012d4b8180 nmethod 408 0x0000020111717590 code [0x0000020111717780, 0x0000020111717e38]
Event: 0.216 Thread 0x000002012d4ac760 nmethod 380 0x000002011916fc10 code [0x000002011916fda0, 0x000002011916fef8]
Event: 0.216 Thread 0x000002012d4ac760  409       4       sun.security.provider.SHA2::implCompress0 (490 bytes)
Event: 0.232 Thread 0x000002012d4ac760 nmethod 409 0x0000020119170090 code [0x0000020119170240, 0x0000020119170eb8]
Event: 465.115 Thread 0x000002012d4b8180  410       3       org.eclipse.jdt.launching.internal.org.objectweb.asm.ClassReader::readUnsignedShort (26 bytes)
Event: 465.116 Thread 0x000002012d4b8180 nmethod 410 0x0000020111718090 code [0x0000020111718220, 0x0000020111718398]
Event: 465.116 Thread 0x000002012d4b8180  411       3       java.lang.String::hashCode (60 bytes)
Event: 465.116 Thread 0x000002012d4b8180 nmethod 411 0x0000020111718490 code [0x0000020111718660, 0x00000201117189d8]

GC Heap History (0 events):
No events

Dll operation events (8 events):
Event: 0.003 Loaded shared library C:\Users\Java\eclipse\plugins\org.eclipse.justj.openjdk.hotspot.jre.full.win32.x86_64_17.0.6.v20230204-1729\jre\bin\java.dll
Event: 0.104 Loaded shared library C:\Users\Java\eclipse\plugins\org.eclipse.justj.openjdk.hotspot.jre.full.win32.x86_64_17.0.6.v20230204-1729\jre\bin\zip.dll
Event: 0.108 Loaded shared library C:\Users\Java\eclipse\plugins\org.eclipse.justj.openjdk.hotspot.jre.full.win32.x86_64_17.0.6.v20230204-1729\jre\bin\instrument.dll
Event: 0.115 Loaded shared library C:\Users\Java\eclipse\plugins\org.eclipse.justj.openjdk.hotspot.jre.full.win32.x86_64_17.0.6.v20230204-1729\jre\bin\net.dll
Event: 0.116 Loaded shared library C:\Users\Java\eclipse\plugins\org.eclipse.justj.openjdk.hotspot.jre.full.win32.x86_64_17.0.6.v20230204-1729\jre\bin\nio.dll
Event: 0.120 Loaded shared library C:\Users\Java\eclipse\plugins\org.eclipse.justj.openjdk.hotspot.jre.full.win32.x86_64_17.0.6.v20230204-1729\jre\bin\zip.dll
Event: 0.172 Loaded shared library C:\Users\Java\eclipse\plugins\org.eclipse.justj.openjdk.hotspot.jre.full.win32.x86_64_17.0.6.v20230204-1729\jre\bin\jimage.dll
Event: 0.199 Loaded shared library C:\Users\Java\eclipse\plugins\org.eclipse.justj.openjdk.hotspot.jre.full.win32.x86_64_17.0.6.v20230204-1729\jre\bin\verify.dll

Deoptimization events (20 events):
Event: 0.209 Thread 0x000002010dfba090 DEOPT PACKING pc=0x00000201116fe2d4 sp=0x0000002cf0af8410
Event: 0.209 Thread 0x000002010dfba090 DEOPT UNPACKING pc=0x0000020118c07143 sp=0x0000002cf0af7878 mode 0
Event: 0.210 Thread 0x000002010dfba090 DEOPT PACKING pc=0x00000201116fe2d4 sp=0x0000002cf0afbe60
Event: 0.210 Thread 0x000002010dfba090 DEOPT UNPACKING pc=0x0000020118c07143 sp=0x0000002cf0afb2c8 mode 0
Event: 0.210 Thread 0x000002010dfba090 DEOPT PACKING pc=0x00000201116fe2d4 sp=0x0000002cf0afbe60
Event: 0.210 Thread 0x000002010dfba090 DEOPT UNPACKING pc=0x0000020118c07143 sp=0x0000002cf0afb2c8 mode 0
Event: 0.211 Thread 0x000002010dfba090 DEOPT PACKING pc=0x00000201116fe2d4 sp=0x0000002cf0af8390
Event: 0.211 Thread 0x000002010dfba090 DEOPT UNPACKING pc=0x0000020118c07143 sp=0x0000002cf0af77f8 mode 0
Event: 0.212 Thread 0x000002010dfba090 DEOPT PACKING pc=0x00000201116fe2d4 sp=0x0000002cf0afbd90
Event: 0.212 Thread 0x000002010dfba090 DEOPT UNPACKING pc=0x0000020118c07143 sp=0x0000002cf0afb1f8 mode 0
Event: 0.215 Thread 0x000002010dfba090 DEOPT PACKING pc=0x00000201116fe2d4 sp=0x0000002cf0af8000
Event: 0.215 Thread 0x000002010dfba090 DEOPT UNPACKING pc=0x0000020118c07143 sp=0x0000002cf0af7468 mode 0
Event: 0.216 Thread 0x000002010dfba090 DEOPT PACKING pc=0x00000201116fe2d4 sp=0x0000002cf0af8000
Event: 0.216 Thread 0x000002010dfba090 DEOPT UNPACKING pc=0x0000020118c07143 sp=0x0000002cf0af7468 mode 0
Event: 0.216 Thread 0x000002010dfba090 DEOPT PACKING pc=0x00000201116fe2d4 sp=0x0000002cf0af8000
Event: 0.216 Thread 0x000002010dfba090 DEOPT UNPACKING pc=0x0000020118c07143 sp=0x0000002cf0af7468 mode 0
Event: 465.115 Thread 0x000002012d74ff60 Uncommon trap: trap_request=0xffffff45 fr.pc=0x00000201191591c0 relative=0x00000000000001c0
Event: 465.115 Thread 0x000002012d74ff60 Uncommon trap: reason=unstable_if action=reinterpret pc=0x00000201191591c0 method=java.lang.String.isLatin1()Z @ 10 c2
Event: 465.115 Thread 0x000002012d74ff60 DEOPT PACKING pc=0x00000201191591c0 sp=0x0000002cf1bfdf00
Event: 465.115 Thread 0x000002012d74ff60 DEOPT UNPACKING pc=0x0000020118c069a3 sp=0x0000002cf1bfde38 mode 2

Classes unloaded (0 events):
No events

Classes redefined (2 events):
Event: 180.216 Thread 0x000002012d42f040 redefined class name=sub3.ForTest, count=1
Event: 465.116 Thread 0x000002012d42f040 redefined class name=sub3.ForTest, count=2

Internal exceptions (0 events):
No events

VM Operations (20 events):
Event: 746.892 Executing VM operation: ChangeBreakpoints done
Event: 746.892 Executing VM operation: ChangeBreakpoints
Event: 746.892 Executing VM operation: ChangeBreakpoints done
Event: 747.890 Executing VM operation: ChangeBreakpoints
Event: 747.890 Executing VM operation: ChangeBreakpoints done
Event: 747.891 Executing VM operation: ChangeBreakpoints
Event: 747.891 Executing VM operation: ChangeBreakpoints done
Event: 748.675 Executing VM operation: ChangeBreakpoints
Event: 748.675 Executing VM operation: ChangeBreakpoints done
Event: 748.675 Executing VM operation: ChangeBreakpoints
Event: 748.675 Executing VM operation: ChangeBreakpoints done
Event: 749.178 Executing VM operation: ChangeBreakpoints
Event: 749.178 Executing VM operation: ChangeBreakpoints done
Event: 749.179 Executing VM operation: ChangeBreakpoints
Event: 749.179 Executing VM operation: ChangeBreakpoints done
Event: 1300.604 Executing VM operation: ChangeBreakpoints
Event: 1300.604 Executing VM operation: ChangeBreakpoints done
Event: 1300.604 Executing VM operation: ChangeBreakpoints
Event: 1300.604 Executing VM operation: ChangeBreakpoints done
Event: 1303.043 Executing VM operation: ChangeBreakpoints

Events (20 events):
Event: 0.205 loading class jdk/internal/reflect/ByteVector done
Event: 0.205 loading class jdk/internal/reflect/ByteVectorImpl done
Event: 0.205 loading class jdk/internal/reflect/ClassFileAssembler
Event: 0.205 loading class jdk/internal/reflect/ClassFileAssembler done
Event: 0.205 loading class jdk/internal/reflect/UTF8
Event: 0.205 loading class jdk/internal/reflect/UTF8 done
Event: 0.205 loading class jdk/internal/reflect/Label
Event: 0.205 loading class jdk/internal/reflect/Label done
Event: 0.205 loading class jdk/internal/reflect/Label$PatchInfo
Event: 0.205 loading class jdk/internal/reflect/Label$PatchInfo done
Event: 0.205 loading class jdk/internal/reflect/MethodAccessorGenerator$1
Event: 0.205 loading class jdk/internal/reflect/MethodAccessorGenerator$1 done
Event: 0.205 loading class jdk/internal/reflect/ClassDefiner
Event: 0.205 loading class jdk/internal/reflect/ClassDefiner done
Event: 0.206 loading class jdk/internal/reflect/ClassDefiner$1
Event: 0.206 loading class jdk/internal/reflect/ClassDefiner$1 done
Event: 0.206 loading class jdk/internal/reflect/BootstrapConstructorAccessorImpl
Event: 0.206 loading class jdk/internal/reflect/BootstrapConstructorAccessorImpl done
Event: 0.216 loading class java/lang/IllegalStateException
Event: 0.216 loading class java/lang/IllegalStateException done


Dynamic libraries:
0x00007ff698f20000 - 0x00007ff698f2e000 	C:\Users\Java\eclipse\plugins\org.eclipse.justj.openjdk.hotspot.jre.full.win32.x86_64_17.0.6.v20230204-1729\jre\bin\javaw.exe
0x00007ff8cc5d0000 - 0x00007ff8cc7c8000 	C:\Windows\SYSTEM32\ntdll.dll
0x00007ff8cc4d0000 - 0x00007ff8cc58f000 	C:\Windows\System32\KERNEL32.DLL
0x00007ff8ca1c0000 - 0x00007ff8ca4b6000 	C:\Windows\System32\KERNELBASE.dll
0x00007ff8ca090000 - 0x00007ff8ca190000 	C:\Windows\System32\ucrtbase.dll
0x00007ff8bb9d0000 - 0x00007ff8bb9e7000 	C:\Users\Java\eclipse\plugins\org.eclipse.justj.openjdk.hotspot.jre.full.win32.x86_64_17.0.6.v20230204-1729\jre\bin\jli.dll
0x00007ff8bb990000 - 0x00007ff8bb9a9000 	C:\Users\Java\eclipse\plugins\org.eclipse.justj.openjdk.hotspot.jre.full.win32.x86_64_17.0.6.v20230204-1729\jre\bin\VCRUNTIME140.dll
0x00007ff8cc330000 - 0x00007ff8cc4cd000 	C:\Windows\System32\USER32.dll
0x00007ff8ca190000 - 0x00007ff8ca1b2000 	C:\Windows\System32\win32u.dll
0x00007ff8ad110000 - 0x00007ff8ad3aa000 	C:\Windows\WinSxS\amd64_microsoft.windows.common-controls_6595b64144ccf1df_6.0.19041.1110_none_60b5254171f9507e\COMCTL32.dll
0x00007ff8cb400000 - 0x00007ff8cb42c000 	C:\Windows\System32\GDI32.dll
0x00007ff8cb0b0000 - 0x00007ff8cb14e000 	C:\Windows\System32\msvcrt.dll
0x00007ff8c9d70000 - 0x00007ff8c9e85000 	C:\Windows\System32\gdi32full.dll
0x00007ff8c9ff0000 - 0x00007ff8ca08d000 	C:\Windows\System32\msvcp_win.dll
0x00007ff8cb950000 - 0x00007ff8cb980000 	C:\Windows\System32\IMM32.DLL
0x00007ff8be410000 - 0x00007ff8be41c000 	C:\Users\Java\eclipse\plugins\org.eclipse.justj.openjdk.hotspot.jre.full.win32.x86_64_17.0.6.v20230204-1729\jre\bin\vcruntime140_1.dll
0x00007ff873280000 - 0x00007ff873311000 	C:\Users\Java\eclipse\plugins\org.eclipse.justj.openjdk.hotspot.jre.full.win32.x86_64_17.0.6.v20230204-1729\jre\bin\msvcp140.dll
0x00007ff876e00000 - 0x00007ff877a47000 	C:\Users\Java\eclipse\plugins\org.eclipse.justj.openjdk.hotspot.jre.full.win32.x86_64_17.0.6.v20230204-1729\jre\bin\server\jvm.dll
0x00007ff8ca760000 - 0x00007ff8ca80f000 	C:\Windows\System32\ADVAPI32.dll
0x00007ff8cba30000 - 0x00007ff8cbacc000 	C:\Windows\System32\sechost.dll
0x00007ff8ca630000 - 0x00007ff8ca756000 	C:\Windows\System32\RPCRT4.dll
0x00007ff8c5980000 - 0x00007ff8c5989000 	C:\Windows\SYSTEM32\WSOCK32.dll
0x00007ff8cb1e0000 - 0x00007ff8cb24b000 	C:\Windows\System32\WS2_32.dll
0x00007ff8bb9f0000 - 0x00007ff8bba17000 	C:\Windows\SYSTEM32\WINMM.dll
0x00007ff8c4720000 - 0x00007ff8c472a000 	C:\Windows\SYSTEM32\VERSION.dll
0x00007ff8c7b90000 - 0x00007ff8c7ba2000 	C:\Windows\SYSTEM32\kernel.appcore.dll
0x00007ff8c40f0000 - 0x00007ff8c40fa000 	C:\Users\Java\eclipse\plugins\org.eclipse.justj.openjdk.hotspot.jre.full.win32.x86_64_17.0.6.v20230204-1729\jre\bin\jimage.dll
0x00007ff8c3dc0000 - 0x00007ff8c3fa4000 	C:\Windows\SYSTEM32\DBGHELP.DLL
0x00007ff8c3bb0000 - 0x00007ff8c3be4000 	C:\Windows\SYSTEM32\dbgcore.DLL
0x00007ff8ca4c0000 - 0x00007ff8ca542000 	C:\Windows\System32\bcryptPrimitives.dll
0x00007ff8b8cb0000 - 0x00007ff8b8ceb000 	C:\Users\Java\eclipse\plugins\org.eclipse.justj.openjdk.hotspot.jre.full.win32.x86_64_17.0.6.v20230204-1729\jre\bin\jdwp.dll
0x00007ff8c4800000 - 0x00007ff8c480e000 	C:\Users\Java\eclipse\plugins\org.eclipse.justj.openjdk.hotspot.jre.full.win32.x86_64_17.0.6.v20230204-1729\jre\bin\instrument.dll
0x00007ff8be550000 - 0x00007ff8be575000 	C:\Users\Java\eclipse\plugins\org.eclipse.justj.openjdk.hotspot.jre.full.win32.x86_64_17.0.6.v20230204-1729\jre\bin\java.dll
0x00007ff8be530000 - 0x00007ff8be548000 	C:\Users\Java\eclipse\plugins\org.eclipse.justj.openjdk.hotspot.jre.full.win32.x86_64_17.0.6.v20230204-1729\jre\bin\zip.dll
0x00007ff8cbaf0000 - 0x00007ff8cc234000 	C:\Windows\System32\SHELL32.dll
0x00007ff8c7d90000 - 0x00007ff8c8523000 	C:\Windows\SYSTEM32\windows.storage.dll
0x00007ff8cb5f0000 - 0x00007ff8cb944000 	C:\Windows\System32\combase.dll
0x00007ff8c9630000 - 0x00007ff8c965e000 	C:\Windows\SYSTEM32\Wldp.dll
0x00007ff8ca810000 - 0x00007ff8ca8bd000 	C:\Windows\System32\SHCORE.dll
0x00007ff8cc2d0000 - 0x00007ff8cc325000 	C:\Windows\System32\shlwapi.dll
0x00007ff8c9bf0000 - 0x00007ff8c9c0f000 	C:\Windows\SYSTEM32\profapi.dll
0x00007ff8be2f0000 - 0x00007ff8be2fc000 	C:\Users\Java\eclipse\plugins\org.eclipse.justj.openjdk.hotspot.jre.full.win32.x86_64_17.0.6.v20230204-1729\jre\bin\dt_socket.dll
0x00007ff8c9080000 - 0x00007ff8c90bc000 	C:\Windows\SYSTEM32\IPHLPAPI.DLL
0x00007ff8c9390000 - 0x00007ff8c93fa000 	C:\Windows\system32\mswsock.dll
0x00007ff8c90c0000 - 0x00007ff8c918b000 	C:\Windows\SYSTEM32\DNSAPI.dll
0x00007ff8cb5e0000 - 0x00007ff8cb5e8000 	C:\Windows\System32\NSI.dll
0x00007ff8c29a0000 - 0x00007ff8c29aa000 	C:\Windows\System32\rasadhlp.dll
0x00007ff8c2270000 - 0x00007ff8c22f2000 	C:\Windows\System32\fwpuclnt.dll
0x00007ff8ca550000 - 0x00007ff8ca577000 	C:\Windows\System32\bcrypt.dll
0x00007ff8be510000 - 0x00007ff8be529000 	C:\Users\Java\eclipse\plugins\org.eclipse.justj.openjdk.hotspot.jre.full.win32.x86_64_17.0.6.v20230204-1729\jre\bin\net.dll
0x00007ff8c5270000 - 0x00007ff8c537a000 	C:\Windows\SYSTEM32\WINHTTP.dll
0x00007ff8be4f0000 - 0x00007ff8be505000 	C:\Users\Java\eclipse\plugins\org.eclipse.justj.openjdk.hotspot.jre.full.win32.x86_64_17.0.6.v20230204-1729\jre\bin\nio.dll
0x00007ff8c2f60000 - 0x00007ff8c2f70000 	C:\Users\Java\eclipse\plugins\org.eclipse.justj.openjdk.hotspot.jre.full.win32.x86_64_17.0.6.v20230204-1729\jre\bin\verify.dll

dbghelp: loaded successfully - version: 4.0.5 - missing functions: none
symbol engine: initialized successfully - sym options: 0x614 - pdb path: .;C:\Users\Java\eclipse\plugins\org.eclipse.justj.openjdk.hotspot.jre.full.win32.x86_64_17.0.6.v20230204-1729\jre\bin;C:\Windows\SYSTEM32;C:\Windows\WinSxS\amd64_microsoft.windows.common-controls_6595b64144ccf1df_6.0.19041.1110_none_60b5254171f9507e;C:\Users\Java\eclipse\plugins\org.eclipse.justj.openjdk.hotspot.jre.full.win32.x86_64_17.0.6.v20230204-1729\jre\bin\server

VM Arguments:
jvm_args: -XX:+ShowCodeDetailsInExceptionMessages -agentlib:jdwp=transport=dt_socket,suspend=y,address=localhost:50800 -javaagent:C:\Users\Java\eclipse\configuration\org.eclipse.osgi\424\0\.cp\lib\javaagent-shaded.jar -Dfile.encoding=UTF-8 
java_command: sub3.ForTest
java_class_path (initial): C:\Users\Java\Desktop\Workspace\Java\Ch03\bin
Launcher Type: SUN_STANDARD

[Global flags]
     intx CICompilerCount                          = 4                                         {product} {ergonomic}
     uint ConcGCThreads                            = 2                                         {product} {ergonomic}
     uint G1ConcRefinementThreads                  = 8                                         {product} {ergonomic}
   size_t G1HeapRegionSize                         = 2097152                                   {product} {ergonomic}
    uintx GCDrainStackTargetSize                   = 64                                        {product} {ergonomic}
   size_t InitialHeapSize                          = 268435456                                 {product} {ergonomic}
   size_t MarkStackSize                            = 4194304                                   {product} {ergonomic}
   size_t MaxHeapSize                              = 4273995776                                {product} {ergonomic}
   size_t MaxNewSize                               = 2562719744                                {product} {ergonomic}
   size_t MinHeapDeltaBytes                        = 2097152                                   {product} {ergonomic}
   size_t MinHeapSize                              = 8388608                                   {product} {ergonomic}
    uintx NonNMethodCodeHeapSize                   = 5839372                                {pd product} {ergonomic}
    uintx NonProfiledCodeHeapSize                  = 122909434                              {pd product} {ergonomic}
    uintx ProfiledCodeHeapSize                     = 122909434                              {pd product} {ergonomic}
    uintx ReservedCodeCacheSize                    = 251658240                              {pd product} {ergonomic}
     bool SegmentedCodeCache                       = true                                      {product} {ergonomic}
     bool ShowCodeDetailsInExceptionMessages       = true                                   {manageable} {command line}
   size_t SoftMaxHeapSize                          = 4273995776                             {manageable} {ergonomic}
     bool UseCompressedClassPointers               = true                           {product lp64_product} {ergonomic}
     bool UseCompressedOops                        = true                           {product lp64_product} {ergonomic}
     bool UseG1GC                                  = true                                      {product} {ergonomic}
     bool UseLargePagesIndividualAllocation        = false                                  {pd product} {ergonomic}

Logging:
Log output configuration:
 #0: stdout all=warning uptime,level,tags
 #1: stderr all=off uptime,level,tags

Environment Variables:
PATH=C:\Users\Java\eclipse\plugins\org.eclipse.justj.openjdk.hotspot.jre.full.win32.x86_64_17.0.6.v20230204-1729\jre\bin;C:/Users/Java/eclipse//plugins/org.eclipse.justj.openjdk.hotspot.jre.full.win32.x86_64_17.0.6.v20230204-1729/jre/bin/server;C:/Users/Java/eclipse//plugins/org.eclipse.justj.openjdk.hotspot.jre.full.win32.x86_64_17.0.6.v20230204-1729/jre/bin;C:\Program Files\Common Files\Oracle\Java\javapath;C:\Program Files (x86)\Common Files\Intel\Shared Libraries\redist\intel64\compiler;C:\Windows\system32;C:\Windows;C:\Windows\System32\Wbem;C:\Windows\System32\WindowsPowerShell\v1.0\;C:\Windows\System32\OpenSSH\;C:\Program Files\Git\cmd;C:\Users\Java\AppData\Local\Microsoft\WindowsApps;;C:\Users\Java\eclipse;
USERNAME=Java
OS=Windows_NT
PROCESSOR_IDENTIFIER=Intel64 Family 6 Model 158 Stepping 13, GenuineIntel
TMP=C:\Users\Java\AppData\Local\Temp
TEMP=C:\Users\Java\AppData\Local\Temp



---------------  S Y S T E M  ---------------

OS:
 Windows 10 , 64 bit Build 19041 (10.0.19041.2913)
OS uptime: 0 days 3:27 hours

CPU: total 8 (initial active 8) (8 cores per cpu, 1 threads per core) family 6 model 158 stepping 13 microcode 0xb8, cx8, cmov, fxsr, mmx, 3dnowpref, sse, sse2, sse3, ssse3, sse4.1, sse4.2, popcnt, lzcnt, tsc, tscinvbit, avx, avx2, aes, erms, clmul, bmi1, bmi2, rtm, adx, fma, vzeroupper, clflush, clflushopt

Memory: 4k page, system-wide physical 16301M (10507M free)
TotalPageFile size 18733M (AvailPageFile size 5918M)
current process WorkingSet (physical memory assigned to process): 46M, peak: 50M
current process commit charge ("private bytes"): 344M, peak: 348M

vm_info: OpenJDK 64-Bit Server VM (17.0.6+10) for windows-amd64 JRE (17.0.6+10), built on Jan 18 2023 10:08:59 by "temurin" with MS VC++ 16.7 (VS2019)

END.
